<?xml version="1.0" encoding="UTF-8" standalone="no"?><testsuite errors="0" failures="0" name="Iniciar sesión en la aplicacion de saucedemo" skipped="0" tests="5" time="11.17" timestamp="2023-01-11 12:49:02"><testcase name="Ingresar a la aplicacion con credenciales"/><testcase name="Ordenar los productos de precio mayor a menor"/><testcase name="Agregar un 2 productos al carrito y eliminar 1"/><testcase name="Realizar el checkout de la aplicacion"/><testcase name="Salir de la aplicacion"/></testsuite>